TN:
SF:src\constants\stripePlans.ts
FNF:0
FNH:0
DA:1,3
DA:3,3
LF:2
LH:2
BRF:0
BRH:0
end_of_record
TN:
SF:src\controllers\auth.controller.ts
FN:24,(anonymous_1)
FN:64,(anonymous_2)
FN:101,(anonymous_3)
FN:186,(anonymous_4)
FN:216,(anonymous_5)
FN:272,(anonymous_6)
FN:315,(anonymous_7)
FN:335,(anonymous_8)
FNF:8
FNH:7
FNDA:21,(anonymous_1)
FNDA:6,(anonymous_2)
FNDA:2,(anonymous_3)
FNDA:3,(anonymous_4)
FNDA:0,(anonymous_5)
FNDA:2,(anonymous_6)
FNDA:1,(anonymous_7)
FNDA:4,(anonymous_8)
DA:2,1
DA:3,1
DA:4,1
DA:5,1
DA:6,1
DA:8,1
DA:9,1
DA:11,1
DA:21,1
DA:22,1
DA:24,1
DA:25,21
DA:27,21
DA:28,2
DA:31,19
DA:32,19
DA:34,19
DA:35,1
DA:38,18
DA:40,18
DA:48,18
DA:50,18
DA:59,0
DA:60,0
DA:64,1
DA:65,6
DA:67,6
DA:68,2
DA:71,4
DA:72,4
DA:74,4
DA:75,1
DA:78,3
DA:80,3
DA:81,1
DA:84,2
DA:86,2
DA:95,0
DA:96,0
DA:101,1
DA:102,2
DA:104,2
DA:105,1
DA:108,1
DA:109,0
DA:110,0
DA:113,1
DA:114,1
DA:116,1
DA:117,1
DA:120,0
DA:121,0
DA:123,0
DA:124,0
DA:125,0
DA:127,0
DA:136,0
DA:140,0
DA:142,0
DA:143,0
DA:168,0
DA:169,0
DA:176,0
DA:179,0
DA:181,0
DA:182,0
DA:186,1
DA:187,3
DA:189,3
DA:190,1
DA:194,2
DA:195,2
DA:196,2
DA:197,2
DA:198,2
DA:200,2
DA:202,2
DA:213,2
DA:215,2
DA:216,0
DA:217,0
DA:218,0
DA:219,0
DA:224,2
DA:239,2
DA:240,0
DA:241,0
DA:249,2
DA:258,2
DA:259,0
DA:260,0
DA:264,2
DA:265,2
DA:267,0
DA:268,0
DA:272,1
DA:273,2
DA:275,2
DA:276,1
DA:280,1
DA:282,1
DA:284,1
DA:293,1
DA:294,1
DA:297,0
DA:299,0
DA:308,0
DA:310,0
DA:311,0
DA:315,1
DA:316,1
DA:323,1
DA:328,0
DA:329,0
DA:335,1
DA:336,4
DA:337,4
DA:338,4
DA:339,4
DA:340,1
DA:343,3
DA:344,2
DA:345,2
DA:346,0
DA:349,2
DA:350,2
DA:351,1
DA:354,1
DA:355,1
DA:357,1
DA:358,1
LF:131
LH:91
BRDA:11,0,0,1
BRDA:11,0,1,0
BRDA:11,1,0,1
BRDA:11,1,1,1
BRDA:27,2,0,2
BRDA:27,3,0,21
BRDA:27,3,1,20
BRDA:34,4,0,1
BRDA:67,5,0,2
BRDA:67,6,0,6
BRDA:67,6,1,5
BRDA:74,7,0,1
BRDA:80,8,0,1
BRDA:104,9,0,1
BRDA:108,10,0,0
BRDA:116,11,0,1
BRDA:189,12,0,1
BRDA:215,13,0,0
BRDA:219,14,0,0
BRDA:219,14,1,0
BRDA:239,15,0,0
BRDA:258,16,0,0
BRDA:258,17,0,2
BRDA:258,17,1,0
BRDA:258,17,2,0
BRDA:275,18,0,1
BRDA:275,19,0,2
BRDA:275,19,1,2
BRDA:293,20,0,1
BRDA:337,21,0,4
BRDA:337,21,1,1
BRDA:338,22,0,3
BRDA:338,22,1,1
BRDA:338,23,0,4
BRDA:338,23,1,3
BRDA:339,24,0,1
BRDA:345,25,0,0
BRDA:350,26,0,1
BRF:38
BRH:28
end_of_record
TN:
SF:src\controllers\class.controller.ts
FN:12,(anonymous_1)
FN:14,(anonymous_2)
FN:38,(anonymous_3)
FN:145,(anonymous_4)
FN:166,(anonymous_5)
FN:194,(anonymous_6)
FN:283,(anonymous_7)
FN:325,(anonymous_8)
FN:337,(anonymous_9)
FN:375,(anonymous_10)
FN:411,(anonymous_11)
FN:443,(anonymous_12)
FN:455,(anonymous_13)
FN:587,(anonymous_14)
FNF:14
FNH:12
FNDA:2,(anonymous_1)
FNDA:6,(anonymous_2)
FNDA:6,(anonymous_3)
FNDA:1,(anonymous_4)
FNDA:1,(anonymous_5)
FNDA:7,(anonymous_6)
FNDA:2,(anonymous_7)
FNDA:0,(anonymous_8)
FNDA:4,(anonymous_9)
FNDA:2,(anonymous_10)
FNDA:3,(anonymous_11)
FNDA:0,(anonymous_12)
FNDA:4,(anonymous_13)
FNDA:3,(anonymous_14)
DA:2,1
DA:3,1
DA:5,1
DA:12,2
DA:14,1
DA:15,6
DA:17,6
DA:21,6
DA:38,1
DA:48,6
DA:59,6
DA:60,6
DA:62,6
DA:63,0
DA:68,6
DA:69,1
DA:74,5
DA:75,1
DA:81,4
DA:82,4
DA:84,4
DA:85,0
DA:88,4
DA:89,1
DA:92,3
DA:93,1
DA:98,2
DA:99,2
DA:107,2
DA:108,0
DA:111,2
DA:112,1
DA:115,1
DA:116,0
DA:119,1
DA:138,1
DA:140,0
DA:141,0
DA:145,1
DA:146,1
DA:147,1
DA:157,1
DA:159,1
DA:161,0
DA:162,0
DA:166,1
DA:167,1
DA:169,1
DA:171,1
DA:186,1
DA:187,1
DA:189,0
DA:190,0
DA:194,1
DA:195,7
DA:197,7
DA:198,7
DA:200,7
DA:201,0
DA:204,7
DA:205,0
DA:208,7
DA:209,7
DA:216,7
DA:217,1
DA:220,6
DA:221,1
DA:226,5
DA:231,1
DA:234,4
DA:236,4
DA:237,0
DA:240,4
DA:246,0
DA:251,4
DA:256,1
DA:261,3
DA:262,3
DA:269,2
DA:271,1
DA:272,1
DA:275,0
DA:278,0
DA:279,0
DA:283,1
DA:284,2
DA:286,2
DA:287,0
DA:290,2
DA:291,2
DA:300,2
DA:301,1
DA:304,1
DA:312,1
DA:325,0
DA:332,0
DA:333,0
DA:337,1
DA:338,4
DA:339,4
DA:341,4
DA:342,1
DA:345,3
DA:346,3
DA:348,3
DA:349,1
DA:353,2
DA:354,1
DA:357,1
DA:366,1
DA:368,1
DA:370,0
DA:371,0
DA:375,1
DA:376,2
DA:377,2
DA:379,2
DA:380,0
DA:383,2
DA:384,2
DA:386,2
DA:387,1
DA:390,1
DA:399,1
DA:401,1
DA:403,0
DA:404,0
DA:411,1
DA:412,3
DA:414,3
DA:415,1
DA:418,2
DA:419,2
DA:435,2
DA:436,1
DA:439,1
DA:441,1
DA:443,0
DA:450,0
DA:451,0
DA:455,1
DA:456,4
DA:466,4
DA:477,4
DA:479,4
DA:480,0
DA:483,4
DA:484,0
DA:487,4
DA:488,4
DA:489,0
DA:492,4
DA:493,4
DA:494,4
DA:495,0
DA:498,4
DA:502,4
DA:503,1
DA:506,3
DA:507,0
DA:513,3
DA:515,3
DA:516,3
DA:517,3
DA:518,2
DA:519,0
DA:520,2
DA:521,1
DA:523,1
DA:526,2
DA:527,0
DA:530,2
DA:531,1
DA:532,1
DA:534,1
DA:535,0
DA:538,1
DA:539,1
DA:542,0
DA:543,0
DA:546,1
DA:547,0
DA:548,0
DA:549,0
DA:551,0
DA:554,1
DA:555,0
DA:556,0
DA:558,0
DA:561,0
DA:562,0
DA:564,0
DA:568,1
DA:579,1
DA:580,1
DA:582,0
DA:583,0
DA:587,1
DA:588,3
DA:589,3
DA:591,3
DA:592,0
DA:595,3
DA:596,0
DA:599,3
DA:600,3
DA:601,0
DA:604,3
DA:605,3
DA:606,3
DA:607,0
DA:610,3
DA:617,3
DA:618,1
DA:622,2
DA:627,2
DA:631,2
DA:633,0
DA:634,0
LF:219
LH:162
BRDA:15,0,0,6
BRDA:15,0,1,0
BRDA:17,1,0,6
BRDA:17,1,1,0
BRDA:17,2,0,6
BRDA:17,2,1,6
BRDA:62,3,0,0
BRDA:62,4,0,6
BRDA:62,4,1,0
BRDA:62,4,2,0
BRDA:62,4,3,0
BRDA:62,4,4,0
BRDA:68,5,0,1
BRDA:68,6,0,6
BRDA:68,6,1,6
BRDA:68,6,2,5
BRDA:68,6,3,5
BRDA:74,7,0,1
BRDA:74,8,0,5
BRDA:74,8,1,2
BRDA:84,9,0,0
BRDA:84,10,0,4
BRDA:84,10,1,4
BRDA:88,11,0,1
BRDA:92,12,0,1
BRDA:92,13,0,3
BRDA:92,13,1,2
BRDA:92,13,2,2
BRDA:100,14,0,2
BRDA:100,14,1,0
BRDA:102,15,0,1
BRDA:102,15,1,1
BRDA:102,16,0,2
BRDA:102,16,1,1
BRDA:107,17,0,0
BRDA:107,18,0,2
BRDA:107,18,1,2
BRDA:111,19,0,1
BRDA:111,20,0,2
BRDA:111,20,1,2
BRDA:115,21,0,0
BRDA:115,22,0,1
BRDA:115,22,1,1
BRDA:128,23,0,1
BRDA:128,23,1,0
BRDA:129,24,0,1
BRDA:129,24,1,0
BRDA:200,25,0,0
BRDA:204,26,0,0
BRDA:216,27,0,1
BRDA:220,28,0,1
BRDA:226,29,0,1
BRDA:227,30,0,5
BRDA:227,30,1,1
BRDA:227,30,2,1
BRDA:236,31,0,0
BRDA:240,32,0,0
BRDA:241,33,0,4
BRDA:241,33,1,1
BRDA:241,33,2,0
BRDA:241,33,3,0
BRDA:251,34,0,1
BRDA:252,35,0,4
BRDA:252,35,1,1
BRDA:252,35,2,1
BRDA:271,36,0,1
BRDA:271,37,0,1
BRDA:271,37,1,1
BRDA:271,37,2,1
BRDA:286,38,0,0
BRDA:300,39,0,1
BRDA:341,40,0,1
BRDA:348,41,0,1
BRDA:348,42,0,3
BRDA:348,42,1,2
BRDA:353,43,0,1
BRDA:353,44,0,2
BRDA:353,44,1,1
BRDA:353,44,2,1
BRDA:379,45,0,0
BRDA:386,46,0,1
BRDA:386,47,0,2
BRDA:386,47,1,2
BRDA:414,48,0,1
BRDA:435,49,0,1
BRDA:479,50,0,0
BRDA:483,51,0,0
BRDA:488,52,0,0
BRDA:494,53,0,0
BRDA:494,54,0,4
BRDA:494,54,1,4
BRDA:502,55,0,1
BRDA:506,56,0,0
BRDA:506,57,0,3
BRDA:506,57,1,0
BRDA:515,58,0,1
BRDA:516,59,0,1
BRDA:517,60,0,2
BRDA:518,61,0,0
BRDA:518,61,1,2
BRDA:520,62,0,1
BRDA:520,62,1,1
BRDA:526,63,0,0
BRDA:527,64,0,0
BRDA:527,64,1,0
BRDA:530,65,0,1
BRDA:530,66,0,2
BRDA:530,66,1,1
BRDA:531,67,0,1
BRDA:531,67,1,0
BRDA:532,68,0,1
BRDA:532,68,1,0
BRDA:534,69,0,0
BRDA:534,70,0,1
BRDA:534,70,1,1
BRDA:538,71,0,1
BRDA:546,72,0,0
BRDA:548,73,0,0
BRDA:548,74,0,0
BRDA:548,74,1,0
BRDA:554,75,0,0
BRDA:555,76,0,0
BRDA:555,76,1,0
BRDA:561,77,0,0
BRDA:591,78,0,0
BRDA:595,79,0,0
BRDA:600,80,0,0
BRDA:606,81,0,0
BRDA:606,82,0,3
BRDA:606,82,1,3
BRDA:617,83,0,1
BRF:131
BRH:85
end_of_record
TN:
SF:src\controllers\classCategory.controller.ts
FN:5,(anonymous_1)
FN:40,(anonymous_2)
FN:53,(anonymous_3)
FN:107,(anonymous_4)
FNF:4
FNH:4
FNDA:11,(anonymous_1)
FNDA:1,(anonymous_2)
FNDA:5,(anonymous_3)
FNDA:3,(anonymous_4)
DA:3,1
DA:5,1
DA:6,11
DA:11,11
DA:12,1
DA:16,10
DA:17,10
DA:18,0
DA:21,10
DA:22,10
DA:29,9
DA:31,1
DA:32,1
DA:35,0
DA:36,0
DA:40,1
DA:41,1
DA:42,1
DA:46,1
DA:48,0
DA:49,0
DA:53,1
DA:54,5
DA:55,5
DA:60,5
DA:61,5
DA:62,0
DA:65,5
DA:66,0
DA:69,5
DA:70,5
DA:71,1
DA:74,4
DA:75,4
DA:79,4
DA:80,1
DA:83,3
DA:84,3
DA:85,3
DA:87,3
DA:88,1
DA:91,2
DA:96,1
DA:98,1
DA:99,1
DA:102,0
DA:103,0
DA:107,1
DA:108,3
DA:109,3
DA:111,3
DA:112,0
DA:115,3
DA:116,0
DA:119,3
DA:120,3
DA:121,1
DA:124,2
DA:125,2
DA:132,2
DA:133,1
DA:137,1
DA:138,0
DA:143,1
DA:147,1
DA:149,0
DA:150,0
LF:67
LH:53
BRDA:11,0,0,1
BRDA:17,1,0,0
BRDA:31,2,0,1
BRDA:61,3,0,0
BRDA:65,4,0,0
BRDA:70,5,0,1
BRDA:79,6,0,1
BRDA:84,7,0,2
BRDA:85,8,0,1
BRDA:87,9,0,1
BRDA:98,10,0,1
BRDA:111,11,0,0
BRDA:115,12,0,0
BRDA:120,13,0,1
BRDA:132,14,0,1
BRDA:137,15,0,0
BRF:16
BRH:10
end_of_record
TN:
SF:src\controllers\contact.controller.ts
FN:19,(anonymous_1)
FN:93,(anonymous_2)
FNF:2
FNH:2
FNDA:3,(anonymous_1)
FNDA:1,(anonymous_2)
DA:2,1
DA:3,1
DA:5,1
DA:6,1
DA:7,1
DA:9,1
DA:19,1
DA:20,3
DA:28,3
DA:29,1
DA:34,2
DA:35,2
DA:45,2
DA:46,2
DA:47,2
DA:61,0
DA:64,2
DA:65,2
DA:82,0
DA:86,2
DA:88,0
DA:89,0
DA:93,1
DA:94,1
DA:95,1
DA:99,1
DA:101,0
DA:102,0
LF:28
LH:22
BRDA:7,0,0,1
BRDA:7,0,1,1
BRDA:9,1,0,1
BRDA:9,1,1,0
BRDA:9,2,0,1
BRDA:9,2,1,1
BRDA:28,3,0,1
BRDA:28,4,0,3
BRDA:28,4,1,3
BRDA:28,4,2,2
BRDA:28,4,3,2
BRDA:28,4,4,2
BRDA:45,5,0,2
BRDA:45,6,0,2
BRDA:45,6,1,2
BRF:15
BRH:14
end_of_record
TN:
SF:src\controllers\payment.controller.ts
FN:5,(anonymous_1)
FN:24,(anonymous_2)
FN:74,(anonymous_3)
FN:121,(anonymous_4)
FN:149,(anonymous_5)
FNF:5
FNH:5
FNDA:8,(anonymous_1)
FNDA:7,(anonymous_2)
FNDA:4,(anonymous_3)
FNDA:1,(anonymous_4)
FNDA:3,(anonymous_5)
DA:2,1
DA:3,1
DA:5,1
DA:6,8
DA:7,8
DA:8,8
DA:9,8
DA:10,0
DA:12,8
DA:14,0
DA:15,0
DA:16,0
DA:18,0
DA:19,0
DA:20,0
DA:24,1
DA:25,7
DA:31,7
DA:32,1
DA:35,6
DA:36,6
DA:38,6
DA:39,1
DA:42,5
DA:43,1
DA:46,4
DA:47,4
DA:48,3
DA:49,3
DA:50,1
DA:54,3
DA:56,3
DA:67,3
DA:69,0
DA:70,0
DA:74,1
DA:75,4
DA:76,4
DA:78,0
DA:79,0
DA:81,0
DA:82,0
DA:84,0
DA:87,4
DA:88,4
DA:90,4
DA:91,2
DA:92,2
DA:93,1
DA:95,1
DA:98,3
DA:99,3
DA:114,3
DA:116,0
DA:117,0
DA:121,1
DA:122,1
DA:123,1
DA:125,0
DA:126,0
DA:128,0
DA:129,0
DA:131,0
DA:134,1
DA:135,1
DA:142,1
DA:144,0
DA:145,0
DA:149,1
DA:150,3
DA:151,3
DA:153,0
DA:154,0
DA:156,0
DA:157,0
DA:159,0
DA:162,3
DA:164,3
DA:165,1
DA:168,2
DA:169,2
DA:171,2
DA:172,1
DA:175,1
DA:176,1
DA:177,1
DA:179,1
DA:180,1
DA:181,1
DA:183,0
DA:184,0
LF:91
LH:61
BRDA:7,0,0,8
BRDA:9,1,0,0
BRDA:9,2,0,8
BRDA:9,2,1,8
BRDA:15,3,0,0
BRDA:19,4,0,0
BRDA:19,5,0,0
BRDA:19,5,1,0
BRDA:31,6,0,1
BRDA:35,7,0,5
BRDA:35,7,1,1
BRDA:36,8,0,6
BRDA:36,8,1,0
BRDA:38,9,0,1
BRDA:38,10,0,6
BRDA:38,10,1,5
BRDA:42,11,0,1
BRDA:42,12,0,5
BRDA:42,12,1,5
BRDA:47,13,0,3
BRDA:49,14,0,1
BRDA:78,15,0,0
BRDA:78,16,0,0
BRDA:78,16,1,0
BRDA:81,17,0,0
BRDA:81,18,0,0
BRDA:81,18,1,0
BRDA:90,19,0,2
BRDA:92,20,0,1
BRDA:125,21,0,0
BRDA:125,22,0,0
BRDA:125,22,1,0
BRDA:128,23,0,0
BRDA:128,24,0,0
BRDA:128,24,1,0
BRDA:153,25,0,0
BRDA:153,26,0,0
BRDA:153,26,1,0
BRDA:156,27,0,0
BRDA:156,28,0,0
BRDA:156,28,1,0
BRDA:164,29,0,1
BRDA:171,30,0,1
BRDA:176,31,0,1
BRDA:176,31,1,0
BRDA:177,32,0,1
BRDA:177,32,1,0
BRF:47
BRH:21
end_of_record
TN:
SF:src\controllers\review.controller.ts
FN:8,(anonymous_1)
FN:94,(anonymous_2)
FN:126,(anonymous_3)
FN:146,(anonymous_4)
FN:164,(anonymous_5)
FN:206,(anonymous_6)
FN:209,(anonymous_7)
FN:225,(anonymous_8)
FNF:8
FNH:5
FNDA:8,(anonymous_1)
FNDA:1,(anonymous_2)
FNDA:1,(anonymous_3)
FNDA:0,(anonymous_4)
FNDA:4,(anonymous_5)
FNDA:0,(anonymous_6)
FNDA:0,(anonymous_7)
FNDA:2,(anonymous_8)
DA:2,1
DA:3,1
DA:4,1
DA:8,1
DA:9,8
DA:16,8
DA:17,8
DA:20,8
DA:21,1
DA:24,7
DA:25,7
DA:26,6
DA:28,1
DA:31,6
DA:32,1
DA:37,5
DA:38,2
DA:43,3
DA:44,3
DA:49,3
DA:50,1
DA:53,2
DA:54,2
DA:59,0
DA:87,0
DA:89,0
DA:90,0
DA:94,1
DA:95,1
DA:96,1
DA:119,1
DA:121,0
DA:122,0
DA:126,1
DA:127,1
DA:128,1
DA:146,1
DA:147,0
DA:148,0
DA:150,0
DA:153,1
DA:159,0
DA:160,0
DA:164,1
DA:165,4
DA:166,4
DA:168,4
DA:169,1
DA:174,3
DA:175,3
DA:185,3
DA:186,2
DA:191,1
DA:206,1
DA:208,1
DA:209,0
DA:213,1
DA:220,0
DA:221,0
DA:225,1
DA:226,2
DA:227,2
DA:229,2
DA:230,1
DA:235,1
DA:236,1
DA:240,1
DA:241,1
DA:244,0
DA:248,0
DA:250,0
DA:251,0
LF:72
LH:54
BRDA:16,0,0,8
BRDA:16,0,1,1
BRDA:17,1,0,7
BRDA:17,1,1,1
BRDA:17,2,0,8
BRDA:17,2,1,7
BRDA:20,3,0,1
BRDA:31,4,0,1
BRDA:31,5,0,6
BRDA:31,5,1,6
BRDA:31,5,2,6
BRDA:37,6,0,2
BRDA:37,7,0,5
BRDA:37,7,1,5
BRDA:37,7,2,4
BRDA:49,8,0,1
BRDA:53,9,0,2
BRDA:53,10,0,2
BRDA:53,10,1,1
BRDA:147,11,0,0
BRDA:168,12,0,1
BRDA:168,13,0,4
BRDA:168,13,1,4
BRDA:185,14,0,2
BRDA:185,15,0,3
BRDA:185,15,1,3
BRDA:208,16,0,0
BRDA:208,16,1,1
BRDA:209,17,0,0
BRDA:209,17,1,0
BRDA:229,18,0,1
BRDA:229,19,0,2
BRDA:229,19,1,2
BRDA:240,20,0,1
BRF:34
BRH:30
end_of_record
TN:
SF:src\controllers\stripe.controller.ts
FN:7,(anonymous_1)
FN:27,createCheckoutSession
FN:83,handleWebhook
FN:112,(anonymous_4)
FN:153,verifySession
FNF:5
FNH:4
FNDA:2,(anonymous_1)
FNDA:5,createCheckoutSession
FNDA:1,handleWebhook
FNDA:0,(anonymous_4)
FNDA:1,verifySession
DA:3,2
DA:4,2
DA:7,2
DA:8,2
DA:9,2
DA:11,2
DA:13,2
DA:14,2
DA:16,2
DA:27,2
DA:28,5
DA:29,5
DA:30,5
DA:31,4
DA:33,3
DA:34,3
DA:37,2
DA:38,2
DA:39,1
DA:40,1
DA:44,0
DA:55,0
DA:57,0
DA:70,0
DA:75,0
DA:77,0
DA:78,0
DA:83,2
DA:84,1
DA:85,1
DA:88,1
DA:89,1
DA:91,1
DA:92,1
DA:95,0
DA:96,0
DA:97,0
DA:99,0
DA:100,0
DA:101,0
DA:102,0
DA:103,0
DA:107,0
DA:108,0
DA:109,0
DA:112,0
DA:113,0
DA:114,0
DA:115,0
DA:117,0
DA:118,0
DA:123,0
DA:134,0
DA:135,0
DA:136,0
DA:140,0
DA:142,0
DA:146,0
DA:148,0
DA:149,0
DA:153,2
DA:154,1
DA:155,1
DA:156,1
DA:159,0
DA:163,0
DA:168,0
DA:177,0
DA:182,0
DA:183,0
DA:184,0
DA:186,0
DA:188,0
DA:189,0
DA:199,0
DA:203,0
DA:204,0
DA:208,0
DA:209,0
DA:214,0
DA:221,0
DA:242,0
DA:243,0
LF:83
LH:31
BRDA:7,0,0,2
BRDA:7,0,1,2
BRDA:29,1,0,5
BRDA:29,2,0,5
BRDA:29,3,0,5
BRDA:29,3,1,0
BRDA:30,4,0,1
BRDA:31,5,0,1
BRDA:34,6,0,1
BRDA:38,7,0,1
BRDA:39,8,0,1
BRDA:55,9,0,0
BRDA:55,9,1,0
BRDA:96,10,0,0
BRDA:101,11,0,0
BRDA:101,12,0,0
BRDA:101,12,1,0
BRDA:108,13,0,0
BRDA:109,14,0,0
BRDA:113,15,0,0
BRDA:114,16,0,0
BRDA:114,17,0,0
BRDA:114,17,1,0
BRDA:117,18,0,0
BRDA:117,19,0,0
BRDA:117,19,1,0
BRDA:127,20,0,0
BRDA:127,20,1,0
BRDA:127,20,2,0
BRDA:128,21,0,0
BRDA:128,21,1,0
BRDA:128,21,2,0
BRDA:135,22,0,0
BRDA:135,22,1,0
BRDA:135,23,0,0
BRDA:135,23,1,0
BRDA:155,24,0,1
BRDA:155,24,1,1
BRDA:156,25,0,1
BRDA:163,26,0,0
BRDA:163,26,1,0
BRDA:168,27,0,0
BRDA:168,27,1,0
BRDA:171,28,0,0
BRDA:171,28,1,0
BRDA:177,29,0,0
BRDA:177,29,1,0
BRDA:186,30,0,0
BRDA:186,31,0,0
BRDA:186,31,1,0
BRDA:186,31,2,0
BRDA:188,32,0,0
BRDA:193,33,0,0
BRDA:193,33,1,0
BRDA:193,33,2,0
BRDA:194,34,0,0
BRDA:194,34,1,0
BRDA:194,34,2,0
BRDA:203,35,0,0
BRDA:214,36,0,0
BRDA:214,36,1,0
BRDA:227,37,0,0
BRDA:227,37,1,0
BRDA:243,38,0,0
BRDA:243,38,1,0
BRF:65
BRH:13
end_of_record
TN:
SF:src\controllers\trainer.controller.ts
FN:5,(anonymous_1)
FN:26,(anonymous_2)
FN:28,(anonymous_3)
FN:34,(anonymous_4)
FN:58,(anonymous_5)
FN:89,(anonymous_6)
FN:95,(anonymous_7)
FNF:7
FNH:3
FNDA:1,(anonymous_1)
FNDA:4,(anonymous_2)
FNDA:0,(anonymous_3)
FNDA:0,(anonymous_4)
FNDA:4,(anonymous_5)
FNDA:0,(anonymous_6)
FNDA:0,(anonymous_7)
DA:2,1
DA:3,1
DA:5,1
DA:6,1
DA:7,1
DA:26,1
DA:27,4
DA:28,0
DA:30,4
DA:31,4
DA:33,4
DA:34,0
DA:38,4
DA:51,1
DA:53,0
DA:54,0
DA:58,1
DA:59,4
DA:61,4
DA:62,1
DA:65,3
DA:66,3
DA:84,3
DA:85,3
DA:88,0
DA:89,0
DA:91,0
DA:92,0
DA:94,0
DA:95,0
DA:99,0
DA:111,0
DA:112,0
LF:33
LH:20
BRDA:28,0,0,0
BRDA:28,0,1,0
BRDA:33,1,0,0
BRDA:33,1,1,4
BRDA:34,2,0,0
BRDA:34,2,1,0
BRDA:61,3,0,1
BRDA:84,4,0,3
BRDA:84,5,0,3
BRDA:84,5,1,3
BRDA:89,6,0,0
BRDA:89,6,1,0
BRDA:94,7,0,0
BRDA:94,7,1,0
BRDA:95,8,0,0
BRDA:95,8,1,0
BRF:16
BRH:5
end_of_record
TN:
SF:src\controllers\user.controller.ts
FN:14,(anonymous_1)
FN:22,(anonymous_2)
FN:73,(anonymous_3)
FN:104,(anonymous_4)
FN:137,(anonymous_5)
FN:210,(anonymous_6)
FN:238,(anonymous_7)
FN:273,(anonymous_8)
FN:314,(anonymous_9)
FN:361,(anonymous_10)
FN:412,(anonymous_11)
FN:452,(anonymous_12)
FNF:12
FNH:4
FNDA:0,(anonymous_1)
FNDA:0,(anonymous_2)
FNDA:0,(anonymous_3)
FNDA:1,(anonymous_4)
FNDA:0,(anonymous_5)
FNDA:1,(anonymous_6)
FNDA:0,(anonymous_7)
FNDA:2,(anonymous_8)
FNDA:0,(anonymous_9)
FNDA:2,(anonymous_10)
FNDA:0,(anonymous_11)
FNDA:0,(anonymous_12)
DA:2,2
DA:3,2
DA:4,2
DA:6,2
DA:7,2
DA:14,2
DA:15,0
DA:16,0
DA:19,0
DA:22,2
DA:23,0
DA:24,0
DA:27,0
DA:28,0
DA:31,0
DA:32,0
DA:33,0
DA:36,0
DA:37,0
DA:38,0
DA:41,0
DA:42,0
DA:43,0
DA:46,0
DA:47,0
DA:49,0
DA:50,0
DA:53,0
DA:56,2
DA:73,2
DA:74,0
DA:75,0
DA:77,0
DA:81,0
DA:104,2
DA:105,1
DA:106,1
DA:108,1
DA:109,0
DA:112,1
DA:125,1
DA:126,1
DA:129,0
DA:131,0
DA:132,0
DA:137,2
DA:138,0
DA:139,0
DA:141,0
DA:142,0
DA:145,0
DA:151,0
DA:152,0
DA:159,0
DA:160,0
DA:168,0
DA:172,0
DA:173,0
DA:176,0
DA:177,0
DA:178,0
DA:180,0
DA:189,0
DA:203,0
DA:205,0
DA:206,0
DA:210,2
DA:211,1
DA:213,1
DA:214,1
DA:217,0
DA:218,0
DA:223,0
DA:224,0
DA:229,0
DA:235,0
DA:238,0
DA:239,0
DA:240,0
DA:243,0
DA:244,0
DA:245,0
DA:247,0
DA:262,0
DA:267,0
DA:268,0
DA:273,2
DA:274,2
DA:275,2
DA:277,2
DA:278,2
DA:281,0
DA:282,0
DA:287,0
DA:288,0
DA:291,0
DA:300,0
DA:302,0
DA:306,0
DA:309,0
DA:310,0
DA:314,2
DA:315,0
DA:316,0
DA:317,0
DA:319,0
DA:320,0
DA:323,0
DA:324,0
DA:327,0
DA:328,0
DA:329,0
DA:332,0
DA:333,0
DA:336,0
DA:337,0
DA:348,0
DA:350,0
DA:351,0
DA:354,0
DA:355,0
DA:361,2
DA:362,2
DA:363,2
DA:364,2
DA:366,2
DA:367,0
DA:370,2
DA:371,1
DA:374,1
DA:375,1
DA:379,0
DA:383,0
DA:384,0
DA:388,0
DA:389,0
DA:390,0
DA:394,0
DA:397,0
DA:405,0
DA:407,0
DA:408,0
DA:412,2
DA:413,0
DA:415,0
DA:416,0
DA:417,0
DA:418,0
DA:422,0
DA:423,0
DA:424,0
DA:426,0
DA:429,0
DA:430,0
DA:445,0
DA:447,0
DA:448,0
DA:452,2
DA:453,0
DA:454,0
DA:456,0
DA:457,0
LF:162
LH:38
BRDA:15,0,0,0
BRDA:23,1,0,0
BRDA:23,2,0,0
BRDA:23,2,1,0
BRDA:27,3,0,0
BRDA:32,4,0,0
BRDA:37,5,0,0
BRDA:42,6,0,0
BRDA:49,7,0,0
BRDA:75,8,0,0
BRDA:75,8,1,0
BRDA:77,9,0,0
BRDA:77,9,1,0
BRDA:77,10,0,0
BRDA:77,10,1,0
BRDA:108,11,0,0
BRDA:125,12,0,1
BRDA:141,13,0,0
BRDA:151,14,0,0
BRDA:159,15,0,0
BRDA:172,16,0,0
BRDA:173,17,0,0
BRDA:173,17,1,0
BRDA:176,18,0,0
BRDA:182,19,0,0
BRDA:182,19,1,0
BRDA:213,20,0,1
BRDA:223,21,0,0
BRDA:240,22,0,0
BRDA:240,22,1,0
BRDA:243,23,0,0
BRDA:243,23,1,0
BRDA:244,24,0,0
BRDA:244,24,1,0
BRDA:244,25,0,0
BRDA:244,25,1,0
BRDA:258,26,0,0
BRDA:258,26,1,0
BRDA:277,27,0,2
BRDA:277,28,0,2
BRDA:277,28,1,1
BRDA:287,29,0,0
BRDA:302,30,0,0
BRDA:303,31,0,0
BRDA:303,31,1,0
BRDA:319,32,0,0
BRDA:319,33,0,0
BRDA:319,33,1,0
BRDA:323,34,0,0
BRDA:327,35,0,0
BRDA:327,35,1,0
BRDA:328,36,0,0
BRDA:328,37,0,0
BRDA:328,37,1,0
BRDA:332,38,0,0
BRDA:332,39,0,0
BRDA:332,39,1,0
BRDA:350,40,0,0
BRDA:366,41,0,0
BRDA:370,42,0,1
BRDA:370,43,0,2
BRDA:370,43,1,1
BRDA:374,44,0,1
BRDA:383,45,0,0
BRDA:389,46,0,0
BRDA:416,47,0,0
BRDA:416,47,1,0
BRDA:417,48,0,0
BRDA:417,49,0,0
BRDA:417,49,1,0
BRDA:422,50,0,0
BRDA:423,51,0,0
BRF:72
BRH:9
end_of_record
TN:
SF:src\middleware\auth.ts
FN:13,(anonymous_0)
FN:20,(anonymous_1)
FN:32,(anonymous_2)
FN:46,(anonymous_3)
FNF:4
FNH:4
FNDA:219,(anonymous_0)
FNDA:130,(anonymous_1)
FNDA:17,(anonymous_2)
FNDA:72,(anonymous_3)
DA:2,8
DA:3,8
DA:13,8
DA:14,219
DA:15,219
DA:16,153
DA:17,1
DA:20,8
DA:21,130
DA:22,130
DA:23,80
DA:24,80
DA:25,78
DA:29,80
DA:32,8
DA:33,17
DA:34,17
DA:35,4
DA:37,13
DA:38,13
DA:39,12
DA:40,12
DA:42,1
DA:46,8
DA:47,72
DA:48,72
DA:49,13
DA:51,59
DA:52,59
DA:53,58
DA:54,14
DA:56,44
DA:57,44
DA:59,1
LF:34
LH:34
BRDA:14,0,0,219
BRDA:14,0,1,67
BRDA:15,1,0,66
BRDA:16,2,0,152
BRDA:22,3,0,50
BRDA:34,4,0,4
BRDA:48,5,0,13
BRDA:53,6,0,14
BRF:8
BRH:8
end_of_record
TN:
SF:src\routes\auth.routes.ts
FNF:0
FNH:0
DA:1,1
DA:2,1
DA:3,1
DA:4,1
DA:6,1
DA:8,1
DA:9,1
DA:10,1
DA:11,1
DA:12,1
DA:13,1
DA:14,1
DA:15,1
DA:17,1
LF:14
LH:14
BRF:0
BRH:0
end_of_record
TN:
SF:src\routes\class.routes.ts
FNF:0
FNH:0
DA:1,1
DA:2,1
DA:3,1
DA:16,1
DA:17,1
DA:19,1
DA:20,1
DA:21,1
DA:22,1
DA:23,1
DA:24,1
DA:25,1
DA:26,1
DA:27,1
DA:28,1
DA:30,1
LF:16
LH:16
BRF:0
BRH:0
end_of_record
TN:
SF:src\routes\classCategory.routes.ts
FNF:0
FNH:0
DA:1,1
DA:2,1
DA:3,1
DA:10,1
DA:11,1
DA:13,1
DA:14,1
DA:15,1
DA:16,1
DA:18,1
LF:10
LH:10
BRF:0
BRH:0
end_of_record
TN:
SF:src\routes\contact.routes.ts
FNF:0
FNH:0
DA:1,1
DA:2,1
DA:3,1
DA:5,1
DA:6,1
DA:8,1
DA:9,1
DA:11,1
LF:8
LH:8
BRF:0
BRH:0
end_of_record
TN:
SF:src\routes\payment.routes.ts
FNF:0
FNH:0
DA:1,1
DA:2,1
DA:3,1
DA:9,1
DA:11,1
DA:12,1
DA:14,1
DA:19,1
DA:20,1
DA:21,1
DA:22,1
DA:24,1
LF:12
LH:12
BRF:0
BRH:0
end_of_record
TN:
SF:src\routes\review.routes.ts
FNF:0
FNH:0
DA:1,1
DA:2,1
DA:3,1
DA:11,1
DA:12,1
DA:14,1
DA:15,1
DA:16,1
DA:17,1
DA:18,1
DA:20,1
LF:11
LH:11
BRF:0
BRH:0
end_of_record
TN:
SF:src\routes\stripe.routes.ts
FNF:0
FNH:0
DA:2,2
DA:3,2
DA:4,2
DA:5,2
DA:6,2
DA:7,2
DA:8,2
LF:7
LH:7
BRF:0
BRH:0
end_of_record
TN:
SF:src\routes\trainer.routes.ts
FNF:0
FNH:0
DA:1,1
DA:2,1
DA:4,1
DA:6,1
DA:7,1
DA:9,1
LF:6
LH:6
BRF:0
BRH:0
end_of_record
TN:
SF:src\routes\user.routes.ts
FNF:0
FNH:0
DA:1,1
DA:2,1
DA:3,1
DA:14,1
DA:15,1
DA:18,1
DA:19,1
DA:22,1
DA:25,1
DA:26,1
DA:27,1
DA:28,1
DA:29,1
DA:31,1
LF:14
LH:14
BRF:0
BRH:0
end_of_record
TN:
SF:src\utils\jwt.ts
FN:8,(anonymous_1)
FN:15,(anonymous_2)
FN:19,(anonymous_3)
FNF:3
FNH:3
FNDA:50,(anonymous_1)
FNDA:167,(anonymous_2)
FNDA:2,(anonymous_3)
DA:1,10
DA:2,10
DA:4,10
DA:6,10
DA:8,10
DA:12,50
DA:15,10
DA:16,167
DA:19,10
LF:9
LH:9
BRDA:6,0,0,10
BRDA:6,0,1,1
BRDA:10,1,0,48
BRF:3
BRH:3
end_of_record
TN:
SF:src\utils\prisma.ts
FNF:0
FNH:0
DA:1,9
DA:3,9
DA:5,9
DA:7,9
DA:8,9
DA:11,9
LF:6
LH:6
BRDA:5,0,0,9
BRDA:5,0,1,9
BRDA:7,1,0,9
BRF:3
BRH:3
end_of_record
