TN:
SF:src\pages\bookings.tsx
FN:51,(anonymous_5)
FN:58,(anonymous_6)
FN:73,(anonymous_7)
FN:87,BookingsPage
FN:96,(anonymous_9)
FN:111,(anonymous_10)
FN:112,(anonymous_11)
FN:136,(anonymous_12)
FN:140,(anonymous_13)
FN:143,(anonymous_14)
FN:145,(anonymous_15)
FN:159,(anonymous_16)
FN:170,(anonymous_17)
FN:173,(anonymous_18)
FN:206,(anonymous_19)
FN:206,(anonymous_20)
FN:207,(anonymous_21)
FN:207,(anonymous_22)
FN:234,(anonymous_23)
FN:235,(anonymous_24)
FN:252,(anonymous_25)
FN:257,(anonymous_26)
FN:260,(anonymous_27)
FN:307,(anonymous_28)
FNF:24
FNH:23
FNDA:10,(anonymous_5)
FNDA:315,(anonymous_6)
FNDA:14,(anonymous_7)
FNDA:41,BookingsPage
FNDA:11,(anonymous_9)
FNDA:20,(anonymous_10)
FNDA:20,(anonymous_11)
FNDA:20,(anonymous_12)
FNDA:2,(anonymous_13)
FNDA:19,(anonymous_14)
FNDA:13,(anonymous_15)
FNDA:164,(anonymous_16)
FNDA:1,(anonymous_17)
FNDA:1,(anonymous_18)
FNDA:1,(anonymous_19)
FNDA:2,(anonymous_20)
FNDA:1,(anonymous_21)
FNDA:2,(anonymous_22)
FNDA:1,(anonymous_23)
FNDA:1,(anonymous_24)
FNDA:0,(anonymous_25)
FNDA:123,(anonymous_26)
FNDA:1,(anonymous_27)
FNDA:14,(anonymous_28)
DA:1,1
DA:2,1
DA:3,1
DA:4,1
DA:5,1
DA:6,1
DA:51,1
DA:52,10
DA:53,10
DA:54,10
DA:55,9
DA:58,315
DA:61,9
DA:63,1
DA:67,1
DA:73,14
DA:87,11
DA:88,41
DA:89,41
DA:90,41
DA:91,41
DA:92,41
DA:93,41
DA:94,41
DA:96,41
DA:97,11
DA:98,11
DA:99,1
DA:100,1
DA:103,10
DA:104,10
DA:105,1
DA:106,1
DA:108,9
DA:111,41
DA:112,20
DA:113,20
DA:114,11
DA:116,9
DA:117,9
DA:118,9
DA:119,9
DA:120,8
DA:121,0
DA:123,8
DA:124,8
DA:125,8
DA:127,1
DA:129,9
DA:133,20
DA:136,41
DA:137,20
DA:138,19
DA:140,2
DA:143,41
DA:144,19
DA:146,13
DA:147,13
DA:148,13
DA:159,41
DA:160,164
DA:161,164
DA:163,164
DA:164,41
DA:167,123
DA:170,41
DA:171,1
DA:173,1
DA:174,1
DA:175,0
DA:178,1
DA:189,1
DA:190,0
DA:193,1
DA:194,1
DA:201,1
DA:202,0
DA:203,0
DA:206,2
DA:207,2
DA:209,1
DA:216,0
DA:226,41
DA:230,41
DA:234,41
DA:235,1
DA:236,1
DA:237,1
DA:252,0
DA:258,123
DA:260,1
DA:308,14
LF:92
LH:85
BRDA:80,0,0,14
BRDA:80,0,1,0
BRDA:81,1,0,14
BRDA:81,1,1,0
BRDA:82,2,0,14
BRDA:82,2,1,0
BRDA:83,3,0,14
BRDA:83,3,1,14
BRDA:97,4,0,11
BRDA:97,4,1,0
BRDA:98,5,0,1
BRDA:104,6,0,1
BRDA:113,7,0,11
BRDA:120,8,0,0
BRDA:124,9,0,8
BRDA:124,9,1,0
BRDA:125,10,0,8
BRDA:125,10,1,0
BRDA:127,11,0,1
BRDA:127,11,1,0
BRDA:137,12,0,19
BRDA:147,13,0,13
BRDA:147,13,1,13
BRDA:163,14,0,41
BRDA:171,15,0,0
BRDA:174,16,0,0
BRDA:189,17,0,0
BRDA:201,18,0,0
BRDA:203,19,0,0
BRDA:203,19,1,0
BRDA:219,20,0,0
BRDA:219,20,1,0
BRDA:226,21,0,40
BRDA:226,21,1,1
BRDA:230,22,0,40
BRDA:230,22,1,1
BRDA:236,23,0,0
BRDA:270,24,0,9
BRDA:275,25,0,3
BRDA:281,26,0,21
BRDA:298,27,0,21
BRDA:319,28,0,41
BRF:42
BRH:25
end_of_record
TN:
SF:src\pages\contactus.tsx
FN:4,Contact
FN:18,(anonymous_6)
FN:25,(anonymous_7)
FNF:3
FNH:3
FNDA:21,Contact
FNDA:12,(anonymous_6)
FNDA:2,(anonymous_7)
DA:1,1
DA:2,1
DA:4,5
DA:5,21
DA:7,21
DA:14,21
DA:15,21
DA:18,21
DA:21,12
DA:25,21
DA:26,2
DA:27,2
DA:28,2
DA:30,2
DA:31,2
DA:32,2
DA:40,2
DA:41,1
DA:42,1
DA:45,1
DA:46,1
DA:54,1
DA:56,2
LF:23
LH:23
BRDA:31,0,0,2
BRDA:31,0,1,2
BRDA:40,1,0,1
BRDA:42,2,0,1
BRDA:42,2,1,0
BRDA:54,3,0,1
BRDA:54,3,1,0
BRDA:223,4,0,2
BRDA:223,4,1,19
BRDA:227,5,0,21
BRDA:232,6,0,21
BRDA:232,6,1,2
BRF:12
BRH:10
end_of_record
TN:
SF:src\pages\customermanagementsystem.tsx
FN:16,parseJwt
FN:23,(anonymous_6)
FN:32,CustomerManagementSystem
FN:38,(anonymous_8)
FN:56,(anonymous_9)
FN:63,(anonymous_10)
FN:96,(anonymous_11)
FNF:7
FNH:7
FNDA:2,parseJwt
FNDA:81,(anonymous_6)
FNDA:10,CustomerManagementSystem
FNDA:5,(anonymous_8)
FNDA:7,(anonymous_9)
FNDA:19,(anonymous_10)
FNDA:1,(anonymous_11)
DA:1,1
DA:2,1
DA:3,1
DA:4,1
DA:5,1
DA:6,1
DA:7,1
DA:17,2
DA:18,2
DA:19,2
DA:20,2
DA:23,81
DA:26,2
DA:28,0
DA:32,5
DA:33,10
DA:34,10
DA:35,10
DA:36,10
DA:38,10
DA:39,5
DA:40,5
DA:41,3
DA:42,3
DA:45,2
DA:47,2
DA:48,2
DA:49,2
DA:52,2
DA:55,10
DA:56,10
DA:57,7
DA:58,6
DA:60,1
DA:63,10
DA:64,19
DA:70,9
DA:78,3
DA:86,1
DA:96,1
LF:40
LH:39
BRDA:40,0,0,3
BRDA:48,1,0,2
BRDA:48,2,0,2
BRDA:48,2,1,2
BRDA:48,2,2,2
BRDA:57,3,0,6
BRDA:57,4,0,7
BRDA:57,4,1,1
BRDA:64,5,0,10
BRDA:70,6,0,6
BRDA:78,7,0,2
BRDA:126,8,0,10
BRDA:137,9,0,10
BRF:13
BRH:13
end_of_record
TN:
SF:src\pages\forgotpass.tsx
FN:4,ForgotPasswordPage
FN:11,handleSubmit
FN:22,(anonymous_4)
FN:59,(anonymous_5)
FN:72,(anonymous_6)
FNF:5
FNH:4
FNDA:16,ForgotPasswordPage
FNDA:3,handleSubmit
FNDA:0,(anonymous_4)
FNDA:4,(anonymous_5)
FNDA:1,(anonymous_6)
DA:1,1
DA:2,1
DA:4,6
DA:5,16
DA:6,16
DA:7,16
DA:8,16
DA:9,16
DA:12,3
DA:13,3
DA:14,3
DA:15,3
DA:16,3
DA:17,3
DA:22,3
DA:23,3
DA:24,2
DA:26,1
DA:28,3
DA:59,4
DA:72,1
LF:21
LH:21
BRDA:16,0,0,3
BRDA:16,0,1,3
BRDA:23,1,0,1
BRDA:23,2,0,1
BRDA:23,2,1,0
BRDA:26,3,0,1
BRDA:26,3,1,0
BRDA:65,4,0,16
BRDA:79,5,0,16
BRDA:84,6,0,16
BRDA:89,7,0,3
BRDA:89,7,1,11
BRDA:93,8,0,3
BRDA:93,8,1,11
BRF:14
BRH:12
end_of_record
TN:
SF:src\pages\index.tsx
FN:12,Home
FNF:1
FNH:1
FNDA:3,Home
DA:1,1
DA:2,1
DA:9,1
DA:10,1
DA:12,3
LF:5
LH:5
BRF:0
BRH:0
end_of_record
TN:
SF:src\pages\login.tsx
FN:20,LoginPage
FN:28,handleSubmit
FNF:2
FNH:2
FNDA:13,LoginPage
FNDA:3,handleSubmit
DA:1,1
DA:2,1
DA:3,1
DA:4,1
DA:20,4
DA:21,13
DA:22,13
DA:23,13
DA:24,13
DA:25,13
DA:26,13
DA:29,3
DA:30,3
DA:31,3
DA:33,3
DA:34,3
DA:36,1
DA:37,1
DA:39,1
DA:40,1
DA:42,2
LF:21
LH:21
BRDA:39,0,0,1
BRDA:39,0,1,0
BRF:2
BRH:1
end_of_record
TN:
SF:src\pages\membership.tsx
FN:54,MembershipPage
FN:63,(anonymous_2)
FN:65,(anonymous_3)
FN:81,(anonymous_4)
FN:92,(anonymous_5)
FN:99,handleCheckout
FN:123,(anonymous_7)
FN:152,(anonymous_8)
FN:188,(anonymous_9)
FN:207,(anonymous_10)
FN:238,(anonymous_11)
FN:249,(anonymous_12)
FNF:12
FNH:9
FNDA:12,MembershipPage
FNDA:5,(anonymous_2)
FNDA:5,(anonymous_3)
FNDA:8,(anonymous_4)
FNDA:4,(anonymous_5)
FNDA:3,handleCheckout
FNDA:0,(anonymous_7)
FNDA:0,(anonymous_8)
FNDA:0,(anonymous_9)
FNDA:36,(anonymous_10)
FNDA:108,(anonymous_11)
FNDA:2,(anonymous_12)
DA:3,1
DA:4,1
DA:5,1
DA:6,1
DA:7,1
DA:24,1
DA:54,5
DA:55,12
DA:56,12
DA:57,12
DA:58,12
DA:59,12
DA:60,12
DA:61,12
DA:63,12
DA:65,12
DA:66,5
DA:67,5
DA:68,3
DA:70,3
DA:71,3
DA:72,3
DA:73,3
DA:76,0
DA:81,12
DA:82,8
DA:83,8
DA:84,8
DA:85,2
DA:88,2
DA:89,2
DA:92,4
DA:93,2
DA:94,1
DA:95,1
DA:100,3
DA:102,3
DA:103,0
DA:104,0
DA:107,3
DA:108,3
DA:109,3
DA:123,3
DA:124,3
DA:125,2
DA:127,2
DA:129,1
DA:131,3
DA:152,0
DA:188,0
DA:208,36
DA:239,108
DA:249,2
LF:53
LH:48
BRDA:63,0,0,5
BRDA:63,0,1,5
BRDA:66,1,0,5
BRDA:66,1,1,0
BRDA:67,2,0,2
BRDA:70,3,0,3
BRDA:70,3,1,3
BRDA:70,3,2,3
BRDA:71,4,0,3
BRDA:71,4,1,0
BRDA:83,5,0,0
BRDA:83,5,1,8
BRDA:84,6,0,6
BRDA:89,7,0,2
BRDA:93,8,0,1
BRDA:93,9,0,2
BRDA:93,9,1,2
BRDA:93,9,2,1
BRDA:102,10,0,0
BRDA:113,11,0,3
BRDA:113,11,1,0
BRDA:124,12,0,1
BRDA:124,13,0,1
BRDA:124,13,1,0
BRDA:125,14,0,0
BRDA:129,15,0,1
BRDA:129,15,1,0
BRDA:162,16,0,7
BRDA:167,17,0,7
BRDA:171,18,0,0
BRDA:171,18,1,7
BRDA:172,19,0,0
BRDA:172,19,1,7
BRDA:173,20,0,0
BRDA:173,20,1,7
BRDA:174,21,0,0
BRDA:174,21,1,7
BRDA:199,22,0,12
BRDA:212,23,0,2
BRDA:212,23,1,34
BRDA:220,24,0,12
BRDA:220,24,1,24
BRDA:220,25,0,36
BRDA:220,25,1,12
BRDA:250,26,0,36
BRDA:250,26,1,21
BRDA:255,27,0,15
BRDA:255,27,1,21
BRDA:257,28,0,3
BRDA:257,28,1,18
BRF:50
BRH:38
end_of_record
TN:
SF:src\pages\my-classes.tsx
FN:37,MyClassesPage
FN:47,(anonymous_2)
FN:62,(anonymous_3)
FN:70,(anonymous_4)
FN:98,(anonymous_5)
FN:107,(anonymous_6)
FN:109,(anonymous_7)
FN:112,(anonymous_8)
FN:114,(anonymous_9)
FN:129,(anonymous_10)
FN:142,(anonymous_11)
FN:188,(anonymous_12)
FN:198,(anonymous_13)
FN:208,(anonymous_14)
FN:218,(anonymous_15)
FN:269,(anonymous_16)
FN:340,(anonymous_17)
FNF:17
FNH:14
FNDA:41,MyClassesPage
FNDA:11,(anonymous_2)
FNDA:21,(anonymous_3)
FNDA:9,(anonymous_4)
FNDA:34,(anonymous_5)
FNDA:18,(anonymous_6)
FNDA:3,(anonymous_7)
FNDA:17,(anonymous_8)
FNDA:15,(anonymous_9)
FNDA:16,(anonymous_10)
FNDA:16,(anonymous_11)
FNDA:0,(anonymous_12)
FNDA:1,(anonymous_13)
FNDA:0,(anonymous_14)
FNDA:0,(anonymous_15)
FNDA:16,(anonymous_16)
FNDA:1,(anonymous_17)
DA:3,1
DA:4,1
DA:5,1
DA:6,1
DA:7,1
DA:37,11
DA:38,41
DA:39,41
DA:40,41
DA:41,41
DA:42,41
DA:43,41
DA:45,41
DA:47,41
DA:48,11
DA:49,11
DA:50,1
DA:51,1
DA:54,10
DA:55,10
DA:56,10
DA:58,0
DA:62,41
DA:63,21
DA:64,12
DA:65,1
DA:67,12
DA:70,9
DA:71,9
DA:72,9
DA:73,9
DA:74,9
DA:75,9
DA:81,8
DA:82,1
DA:83,1
DA:86,7
DA:87,7
DA:89,2
DA:91,9
DA:95,9
DA:98,41
DA:99,34
DA:100,34
DA:101,34
DA:102,34
DA:103,22
DA:104,0
DA:107,41
DA:108,18
DA:109,3
DA:112,41
DA:113,17
DA:115,15
DA:116,15
DA:117,15
DA:118,15
DA:129,41
DA:130,16
DA:132,6
DA:134,0
DA:136,10
DA:138,0
DA:142,41
DA:143,16
DA:145,6
DA:147,0
DA:149,10
DA:151,0
DA:155,41
DA:188,0
DA:198,1
DA:208,0
DA:218,0
DA:270,16
DA:271,16
DA:340,1
LF:77
LH:68
BRDA:45,0,0,41
BRDA:45,0,1,41
BRDA:49,1,0,1
BRDA:55,2,0,10
BRDA:55,2,1,0
BRDA:55,3,0,10
BRDA:55,3,1,10
BRDA:55,3,2,10
BRDA:63,4,0,12
BRDA:63,5,0,21
BRDA:63,5,1,10
BRDA:64,6,0,1
BRDA:64,7,0,12
BRDA:64,7,1,1
BRDA:74,8,0,9
BRDA:74,8,1,0
BRDA:81,9,0,1
BRDA:83,10,0,1
BRDA:83,10,1,0
BRDA:89,11,0,2
BRDA:89,11,1,0
BRDA:102,12,0,12
BRDA:103,13,0,22
BRDA:108,14,0,17
BRDA:117,15,0,15
BRDA:117,15,1,10
BRDA:130,16,0,6
BRDA:130,16,1,0
BRDA:130,16,2,10
BRDA:130,16,3,0
BRDA:143,17,0,6
BRDA:143,17,1,0
BRDA:143,17,2,10
BRDA:143,17,3,0
BRDA:155,18,0,14
BRDA:155,19,0,41
BRDA:155,19,1,29
BRDA:162,20,0,14
BRDA:162,20,1,12
BRDA:190,21,0,26
BRDA:190,21,1,1
BRDA:200,22,0,1
BRDA:200,22,1,26
BRDA:210,23,0,0
BRDA:210,23,1,27
BRDA:220,24,0,0
BRDA:220,24,1,27
BRDA:231,25,0,9
BRDA:236,26,0,2
BRDA:242,27,0,10
BRDA:258,28,0,10
BRDA:258,28,1,0
BRDA:261,29,0,10
BRDA:261,29,1,0
BRDA:274,30,0,16
BRDA:274,30,1,0
BRDA:289,31,0,16
BRDA:289,31,1,0
BRDA:313,32,0,16
BRDA:316,33,0,16
BRDA:316,33,1,0
BRDA:321,34,0,16
BRDA:321,34,1,0
BRF:63
BRH:47
end_of_record
TN:
SF:src\pages\register.tsx
FN:20,RegisterPage
FN:30,handleSubmit
FNF:2
FNH:2
FNDA:21,RegisterPage
FNDA:4,handleSubmit
DA:1,1
DA:2,1
DA:3,1
DA:4,1
DA:20,5
DA:21,21
DA:22,21
DA:23,21
DA:24,21
DA:25,21
DA:26,21
DA:27,21
DA:28,21
DA:31,4
DA:32,4
DA:34,4
DA:35,1
DA:36,1
DA:39,3
DA:41,3
DA:42,3
DA:43,1
DA:45,1
DA:46,1
DA:48,2
LF:25
LH:25
BRDA:34,0,0,1
BRDA:45,1,0,1
BRDA:45,1,1,0
BRF:3
BRH:2
end_of_record
TN:
SF:src\pages\resetpass.tsx
FN:4,ResetPasswordPage
FN:17,handleVerifyToken
FN:36,(anonymous_4)
FN:40,(anonymous_5)
FN:51,handleResetPassword
FN:76,(anonymous_7)
FN:79,(anonymous_8)
FN:123,(anonymous_9)
FN:172,(anonymous_10)
FN:179,(anonymous_11)
FN:201,(anonymous_12)
FN:207,(anonymous_13)
FN:238,(anonymous_14)
FNF:13
FNH:11
FNDA:70,ResetPasswordPage
FNDA:12,handleVerifyToken
FNDA:0,(anonymous_4)
FNDA:9,(anonymous_5)
FNDA:5,handleResetPassword
FNDA:0,(anonymous_7)
FNDA:1,(anonymous_8)
FNDA:11,(anonymous_9)
FNDA:5,(anonymous_10)
FNDA:2,(anonymous_11)
FNDA:5,(anonymous_12)
FNDA:2,(anonymous_13)
FNDA:1,(anonymous_14)
DA:1,1
DA:2,1
DA:4,14
DA:5,70
DA:6,70
DA:7,70
DA:8,70
DA:9,70
DA:10,70
DA:11,70
DA:12,70
DA:13,70
DA:14,70
DA:15,70
DA:18,12
DA:19,12
DA:20,12
DA:22,12
DA:23,12
DA:24,1
DA:25,1
DA:28,11
DA:29,11
DA:30,11
DA:31,11
DA:36,10
DA:37,10
DA:38,9
DA:39,9
DA:40,9
DA:41,9
DA:42,9
DA:45,2
DA:47,11
DA:52,5
DA:53,5
DA:54,5
DA:57,5
DA:58,1
DA:59,1
DA:63,4
DA:64,1
DA:65,1
DA:68,3
DA:69,3
DA:70,3
DA:71,3
DA:76,2
DA:77,2
DA:78,1
DA:79,1
DA:81,2
DA:83,3
DA:123,11
DA:172,5
DA:179,2
DA:201,5
DA:207,2
DA:239,1
DA:240,1
DA:241,1
DA:242,1
DA:243,1
LF:63
LH:63
BRDA:23,0,0,1
BRDA:30,1,0,11
BRDA:30,1,1,11
BRDA:37,2,0,1
BRDA:37,3,0,1
BRDA:37,3,1,0
BRDA:39,4,0,9
BRDA:39,4,1,0
BRDA:45,5,0,2
BRDA:45,5,1,0
BRDA:57,6,0,1
BRDA:63,7,0,1
BRDA:70,8,0,3
BRDA:70,8,1,3
BRDA:77,9,0,1
BRDA:77,10,0,1
BRDA:77,10,1,0
BRDA:81,11,0,2
BRDA:81,11,1,0
BRDA:101,12,0,40
BRDA:101,12,1,30
BRDA:105,13,0,40
BRDA:105,13,1,30
BRDA:106,14,0,30
BRDA:106,14,1,40
BRDA:112,15,0,40
BRDA:132,16,0,40
BRDA:137,17,0,40
BRDA:146,18,0,11
BRDA:146,18,1,29
BRDA:150,19,0,11
BRDA:150,19,1,29
BRDA:155,20,0,30
BRDA:168,21,0,1
BRDA:168,21,1,29
BRDA:182,22,0,1
BRDA:182,22,1,29
BRDA:197,23,0,1
BRDA:197,23,1,29
BRDA:210,24,0,1
BRDA:210,24,1,29
BRDA:215,25,0,30
BRDA:220,26,0,30
BRDA:230,27,0,3
BRDA:230,27,1,27
BRDA:234,28,0,3
BRDA:234,28,1,27
BRF:47
BRH:42
end_of_record
TN:
SF:src\pages\review.tsx
FN:29,Review
FN:38,(anonymous_6)
FN:39,(anonymous_7)
FN:47,(anonymous_8)
FN:48,(anonymous_9)
FN:116,(anonymous_10)
FN:139,(anonymous_11)
FN:140,(anonymous_12)
FN:206,(anonymous_13)
FN:216,(anonymous_14)
FN:225,(anonymous_15)
FN:285,(anonymous_16)
FN:305,(anonymous_17)
FN:324,(anonymous_18)
FNF:14
FNH:10
FNDA:10,Review
FNDA:1,(anonymous_6)
FNDA:16,(anonymous_7)
FNDA:4,(anonymous_8)
FNDA:4,(anonymous_9)
FNDA:5,(anonymous_10)
FNDA:2,(anonymous_11)
FNDA:3,(anonymous_12)
FNDA:1,(anonymous_13)
FNDA:0,(anonymous_14)
FNDA:5,(anonymous_15)
FNDA:0,(anonymous_16)
FNDA:0,(anonymous_17)
FNDA:0,(anonymous_18)
DA:1,1
DA:2,1
DA:3,1
DA:4,1
DA:29,4
DA:30,10
DA:31,10
DA:32,10
DA:33,10
DA:34,10
DA:35,10
DA:38,10
DA:39,1
DA:40,16
DA:41,16
DA:43,1
DA:44,1
DA:47,10
DA:48,4
DA:49,4
DA:50,4
DA:51,4
DA:53,4
DA:58,3
DA:59,0
DA:62,2
DA:67,2
DA:68,2
DA:70,2
DA:72,4
DA:75,4
DA:117,5
DA:139,2
DA:141,3
DA:207,1
DA:217,0
DA:226,5
DA:285,0
DA:305,0
DA:324,0
LF:40
LH:35
BRDA:51,0,0,4
BRDA:51,0,1,4
BRDA:58,1,0,0
BRDA:58,2,0,3
BRDA:58,2,1,2
BRDA:70,3,0,2
BRDA:70,3,1,0
BRDA:105,4,0,10
BRDA:106,5,0,10
BRDA:107,6,0,10
BRDA:121,7,0,5
BRDA:121,7,1,0
BRDA:192,8,0,4
BRDA:197,9,0,1
BRDA:201,10,0,4
BRDA:229,11,0,5
BRDA:229,11,1,0
BRDA:229,12,0,5
BRDA:229,12,1,5
BRDA:229,13,0,5
BRDA:229,13,1,0
BRDA:234,14,0,1
BRF:22
BRH:17
end_of_record
TN:
SF:src\pages\settings.tsx
FN:16,SettingsPage
FN:34,(anonymous_5)
FN:35,(anonymous_6)
FN:43,(anonymous_7)
FN:44,(anonymous_8)
FN:92,(anonymous_9)
FN:115,(anonymous_10)
FN:117,(anonymous_11)
FN:124,(anonymous_12)
FN:138,(anonymous_13)
FN:148,(anonymous_14)
FN:207,(anonymous_15)
FN:308,(anonymous_16)
FN:328,(anonymous_17)
FN:379,(anonymous_18)
FN:388,(anonymous_19)
FN:398,(anonymous_20)
FNF:17
FNH:14
FNDA:68,SettingsPage
FNDA:49,(anonymous_5)
FNDA:784,(anonymous_6)
FNDA:18,(anonymous_7)
FNDA:18,(anonymous_8)
FNDA:2,(anonymous_9)
FNDA:1,(anonymous_10)
FNDA:0,(anonymous_11)
FNDA:0,(anonymous_12)
FNDA:0,(anonymous_13)
FNDA:3,(anonymous_14)
FNDA:4,(anonymous_15)
FNDA:1,(anonymous_16)
FNDA:3,(anonymous_17)
FNDA:4,(anonymous_18)
FNDA:6,(anonymous_19)
FNDA:6,(anonymous_20)
DA:1,1
DA:2,1
DA:3,1
DA:4,1
DA:14,1
DA:16,18
DA:17,68
DA:18,68
DA:19,68
DA:20,68
DA:21,68
DA:22,68
DA:25,68
DA:26,68
DA:27,68
DA:28,68
DA:29,68
DA:30,68
DA:31,68
DA:34,68
DA:35,49
DA:36,784
DA:37,784
DA:39,49
DA:40,49
DA:43,68
DA:44,18
DA:45,18
DA:46,18
DA:47,18
DA:48,1
DA:49,1
DA:53,17
DA:54,17
DA:56,17
DA:62,15
DA:63,14
DA:64,14
DA:65,14
DA:66,14
DA:67,14
DA:70,1
DA:77,1
DA:78,1
DA:79,1
DA:82,1
DA:83,1
DA:85,17
DA:89,18
DA:92,68
DA:93,2
DA:94,0
DA:97,2
DA:99,2
DA:100,1
DA:101,1
DA:102,1
DA:105,1
DA:106,0
DA:107,0
DA:108,0
DA:111,1
DA:112,1
DA:114,1
DA:115,1
DA:116,1
DA:117,1
DA:118,0
DA:119,0
DA:121,0
DA:124,1
DA:125,1
DA:128,0
DA:129,0
DA:131,0
DA:132,0
DA:134,0
DA:138,68
DA:139,0
DA:140,0
DA:141,0
DA:142,0
DA:143,0
DA:144,0
DA:148,68
DA:149,3
DA:150,3
DA:151,3
DA:152,3
DA:154,3
DA:155,3
DA:156,3
DA:157,0
DA:158,0
DA:161,3
DA:162,3
DA:167,3
DA:171,3
DA:172,0
DA:175,3
DA:184,2
DA:186,2
DA:187,1
DA:188,1
DA:191,1
DA:192,1
DA:193,1
DA:194,1
DA:195,1
DA:196,1
DA:198,1
DA:200,1
DA:201,1
DA:203,3
DA:207,68
DA:208,4
DA:210,4
DA:211,0
DA:212,0
DA:215,4
DA:216,4
DA:217,4
DA:219,4
DA:220,4
DA:221,4
DA:222,1
DA:223,1
DA:226,3
DA:238,2
DA:239,1
DA:240,1
DA:241,1
DA:242,1
DA:244,1
DA:245,1
DA:248,1
DA:249,1
DA:251,4
DA:254,68
DA:267,50
DA:309,1
DA:328,3
DA:379,4
DA:388,6
DA:398,6
LF:145
LH:122
BRDA:47,0,0,1
BRDA:62,1,0,14
BRDA:62,1,1,1
BRDA:65,2,0,14
BRDA:65,2,1,0
BRDA:66,3,0,14
BRDA:66,3,1,14
BRDA:77,4,0,1
BRDA:77,4,1,0
BRDA:78,5,0,1
BRDA:78,5,1,1
BRDA:93,6,0,0
BRDA:99,7,0,1
BRDA:105,8,0,0
BRDA:118,9,0,0
BRDA:118,9,1,0
BRDA:143,10,0,0
BRDA:156,11,0,0
BRDA:168,12,0,3
BRDA:168,12,1,0
BRDA:171,13,0,0
BRDA:172,14,0,0
BRDA:172,14,1,0
BRDA:186,15,0,1
BRDA:187,16,0,1
BRDA:187,16,1,0
BRDA:192,17,0,1
BRDA:192,17,1,0
BRDA:193,18,0,1
BRDA:193,18,1,1
BRDA:195,19,0,1
BRDA:210,20,0,0
BRDA:221,21,0,1
BRDA:238,22,0,1
BRDA:238,22,1,1
BRDA:245,23,0,1
BRDA:245,23,1,0
BRDA:254,24,0,18
BRDA:267,25,0,2
BRDA:286,26,0,48
BRDA:292,27,0,48
BRDA:305,28,0,48
BRDA:305,28,1,48
BRDA:306,29,0,48
BRDA:306,29,1,0
BRDA:346,30,0,48
BRDA:365,31,0,6
BRDA:365,31,1,42
BRDA:409,32,0,6
BRDA:409,32,1,42
BRF:50
BRH:33
end_of_record
TN:
SF:src\pages\api\auth.ts
FN:12,(anonymous_1)
FN:29,forwardPost
FN:44,(anonymous_3)
FN:54,handler
FNF:4
FNH:4
FNDA:8,(anonymous_1)
FNDA:8,forwardPost
FNDA:1,(anonymous_3)
FNDA:15,handler
DA:4,1
DA:8,1
DA:12,1
DA:13,8
DA:33,8
DA:44,4
DA:46,4
DA:47,2
DA:48,2
DA:51,2
DA:54,15
DA:58,15
DA:59,1
DA:60,1
DA:63,14
DA:65,14
DA:66,1
DA:71,13
DA:72,13
DA:73,8
DA:74,8
DA:75,2
DA:80,6
DA:81,1
DA:84,5
DA:85,3
DA:86,3
DA:87,1
DA:92,2
DA:93,1
DA:96,2
DA:98,1
DA:101,1
DA:103,6
DA:104,5
DA:107,1
LF:36
LH:36
BRDA:4,0,0,1
BRDA:4,0,1,1
BRDA:4,0,2,1
BRDA:8,1,0,0
BRDA:8,1,1,1
BRDA:13,2,0,8
BRDA:13,2,1,0
BRDA:46,3,0,2
BRDA:47,4,0,2
BRDA:47,4,1,1
BRDA:58,5,0,1
BRDA:63,6,0,14
BRDA:63,6,1,0
BRDA:65,7,0,1
BRDA:72,8,0,8
BRDA:73,9,0,8
BRDA:73,9,1,0
BRDA:74,10,0,2
BRDA:74,11,0,8
BRDA:74,11,1,7
BRDA:84,12,0,3
BRDA:85,13,0,3
BRDA:85,13,1,0
BRDA:86,14,0,1
BRDA:86,15,0,3
BRDA:86,15,1,2
BRDA:96,16,0,1
BRDA:103,17,0,5
BRF:28
BRH:23
end_of_record
TN:
SF:src\pages\api\hello.ts
FN:8,handler
FNF:1
FNH:1
FNDA:1,handler
DA:8,1
DA:12,1
LF:2
LH:2
BRF:0
BRH:0
end_of_record
TN:
SF:src\pages\fitmateclass\[slug].tsx
FN:42,ClassDetailPage
FN:49,(anonymous_3)
FN:60,(anonymous_4)
FN:74,(anonymous_5)
FN:77,(anonymous_6)
FN:97,(anonymous_7)
FN:103,(anonymous_8)
FN:109,(anonymous_9)
FN:120,(anonymous_10)
FN:204,(anonymous_11)
FN:419,(anonymous_12)
FN:444,(anonymous_13)
FN:486,Info
FNF:13
FNH:11
FNDA:57,ClassDetailPage
FNDA:14,(anonymous_3)
FNDA:14,(anonymous_4)
FNDA:14,(anonymous_5)
FNDA:11,(anonymous_6)
FNDA:37,(anonymous_7)
FNDA:9,(anonymous_8)
FNDA:23,(anonymous_9)
FNDA:4,(anonymous_10)
FNDA:0,(anonymous_11)
FNDA:0,(anonymous_12)
FNDA:17,(anonymous_13)
FNDA:56,Info
DA:2,1
DA:3,1
DA:4,1
DA:5,1
DA:6,1
DA:7,1
DA:42,14
DA:43,57
DA:44,57
DA:45,57
DA:47,57
DA:49,57
DA:50,14
DA:51,14
DA:53,13
DA:54,13
DA:55,13
DA:60,57
DA:61,14
DA:62,12
DA:63,12
DA:64,12
DA:67,57
DA:68,57
DA:69,57
DA:70,57
DA:71,57
DA:74,57
DA:75,14
DA:77,11
DA:78,11
DA:79,11
DA:80,11
DA:83,10
DA:84,10
DA:85,10
DA:86,10
DA:88,1
DA:90,11
DA:93,11
DA:97,57
DA:98,37
DA:99,28
DA:100,28
DA:102,9
DA:103,9
DA:105,9
DA:109,57
DA:110,23
DA:111,9
DA:112,9
DA:113,9
DA:114,9
DA:115,0
DA:116,0
DA:120,57
DA:121,4
DA:122,0
DA:128,0
DA:131,4
DA:132,0
DA:138,0
DA:139,0
DA:142,4
DA:143,4
DA:144,4
DA:145,1
DA:151,1
DA:152,1
DA:155,3
DA:167,2
DA:168,1
DA:169,1
DA:175,1
DA:178,1
DA:186,1
DA:189,1
DA:190,1
DA:191,1
DA:193,1
DA:194,1
DA:204,57
DA:205,0
DA:207,0
DA:218,0
DA:220,0
DA:221,0
DA:222,0
DA:223,0
DA:229,0
DA:232,0
DA:242,0
DA:243,0
DA:244,0
DA:247,0
DA:255,0
DA:258,0
DA:259,0
DA:260,0
DA:262,0
DA:271,57
DA:286,36
DA:302,35
DA:419,0
DA:445,17
LF:105
LH:79
BRDA:47,0,0,57
BRDA:47,0,1,57
BRDA:51,1,0,1
BRDA:54,2,0,13
BRDA:54,3,0,13
BRDA:54,3,1,13
BRDA:54,3,2,13
BRDA:61,4,0,2
BRDA:62,5,0,0
BRDA:62,5,1,12
BRDA:64,6,0,1
BRDA:64,6,1,11
BRDA:75,7,0,3
BRDA:83,8,0,0
BRDA:88,9,0,1
BRDA:88,9,1,0
BRDA:98,10,0,28
BRDA:98,11,0,37
BRDA:98,11,1,22
BRDA:98,11,2,22
BRDA:98,11,3,22
BRDA:110,12,0,14
BRDA:114,13,0,9
BRDA:115,14,0,0
BRDA:121,15,0,0
BRDA:131,16,0,0
BRDA:143,17,0,4
BRDA:143,17,1,1
BRDA:144,18,0,1
BRDA:167,19,0,1
BRDA:172,20,0,1
BRDA:172,20,1,0
BRDA:205,21,0,0
BRDA:205,22,0,0
BRDA:205,22,1,0
BRDA:218,23,0,0
BRDA:221,24,0,0
BRDA:221,24,1,0
BRDA:222,25,0,0
BRDA:242,26,0,0
BRDA:244,27,0,0
BRDA:244,27,1,0
BRDA:265,28,0,0
BRDA:265,28,1,0
BRDA:271,29,0,21
BRDA:286,30,0,1
BRDA:302,31,0,20
BRDA:315,32,0,15
BRDA:315,32,1,0
BRDA:320,33,0,15
BRDA:323,34,0,15
BRDA:323,34,1,0
BRDA:325,35,0,0
BRDA:325,35,1,0
BRDA:330,36,0,15
BRDA:330,36,1,0
BRDA:332,37,0,0
BRDA:332,37,1,0
BRDA:342,38,0,15
BRDA:376,39,0,15
BRDA:376,39,1,0
BRDA:381,40,0,15
BRDA:381,40,1,0
BRDA:389,41,0,6
BRDA:396,42,0,0
BRDA:396,42,1,6
BRDA:407,43,0,9
BRDA:407,43,1,9
BRDA:411,44,0,1
BRDA:411,44,1,8
BRDA:413,45,0,0
BRDA:413,45,1,8
BRDA:433,46,0,15
BRDA:489,47,0,56
BRF:74
BRH:44
end_of_record
TN:
SF:src\pages\fitmateclass\index.tsx
FN:30,ClassListPage
FN:42,(anonymous_2)
FN:43,(anonymous_3)
FN:60,(anonymous_4)
FN:61,(anonymous_5)
FN:79,(anonymous_6)
FN:84,(anonymous_7)
FN:91,(anonymous_8)
FN:104,(anonymous_9)
FN:113,(anonymous_10)
FN:126,(anonymous_11)
FN:165,(anonymous_12)
FN:193,(anonymous_13)
FN:198,(anonymous_14)
FN:214,(anonymous_15)
FN:218,(anonymous_16)
FN:268,(anonymous_17)
FN:281,(anonymous_18)
FN:355,(anonymous_19)
FNF:19
FNH:17
FNDA:51,ClassListPage
FNDA:15,(anonymous_2)
FNDA:15,(anonymous_3)
FNDA:15,(anonymous_4)
FNDA:15,(anonymous_5)
FNDA:35,(anonymous_6)
FNDA:4,(anonymous_7)
FNDA:10,(anonymous_8)
FNDA:29,(anonymous_9)
FNDA:29,(anonymous_10)
FNDA:29,(anonymous_11)
FNDA:5,(anonymous_12)
FNDA:2,(anonymous_13)
FNDA:38,(anonymous_14)
FNDA:3,(anonymous_15)
FNDA:1,(anonymous_16)
FNDA:0,(anonymous_17)
FNDA:29,(anonymous_18)
FNDA:0,(anonymous_19)
DA:3,1
DA:4,1
DA:5,1
DA:6,1
DA:30,15
DA:31,51
DA:32,51
DA:33,51
DA:34,51
DA:35,51
DA:36,51
DA:37,51
DA:39,51
DA:40,51
DA:42,51
DA:43,15
DA:44,15
DA:45,15
DA:46,15
DA:47,13
DA:48,13
DA:49,13
DA:51,1
DA:53,14
DA:57,15
DA:60,51
DA:61,15
DA:62,15
DA:63,15
DA:64,15
DA:65,12
DA:66,12
DA:67,12
DA:69,1
DA:71,13
DA:75,15
DA:79,51
DA:80,35
DA:83,35
DA:84,4
DA:88,35
DA:89,5
DA:90,5
DA:92,10
DA:100,35
DA:104,51
DA:105,29
DA:106,29
DA:107,29
DA:108,29
DA:109,2
DA:110,1
DA:113,51
DA:114,29
DA:116,27
DA:118,1
DA:120,1
DA:122,0
DA:126,51
DA:127,29
DA:129,27
DA:131,1
DA:133,1
DA:135,0
DA:165,5
DA:193,2
DA:199,38
DA:214,3
DA:219,1
DA:220,1
DA:269,0
DA:270,0
DA:282,29
DA:283,29
DA:355,0
LF:75
LH:70
BRDA:40,0,0,51
BRDA:40,0,1,51
BRDA:47,1,0,0
BRDA:51,2,0,1
BRDA:51,2,1,0
BRDA:65,3,0,0
BRDA:83,4,0,2
BRDA:88,5,0,5
BRDA:92,6,0,10
BRDA:92,6,1,7
BRDA:92,6,2,7
BRDA:92,6,3,7
BRDA:92,6,4,7
BRDA:92,6,5,2
BRDA:108,7,0,27
BRDA:109,8,0,1
BRDA:114,9,0,27
BRDA:114,9,1,1
BRDA:114,9,2,1
BRDA:114,9,3,0
BRDA:127,10,0,27
BRDA:127,10,1,1
BRDA:127,10,2,1
BRDA:127,10,3,0
BRDA:193,11,0,0
BRDA:193,11,1,2
BRDA:208,12,0,51
BRDA:208,12,1,46
BRDA:212,13,0,7
BRDA:212,13,1,5
BRDA:213,14,0,7
BRDA:213,14,1,2
BRDA:214,15,0,2
BRDA:214,15,1,0
BRDA:216,16,0,7
BRDA:216,16,1,2
BRDA:232,17,0,15
BRDA:237,18,0,1
BRDA:243,19,0,18
BRDA:259,20,0,16
BRDA:259,20,1,2
BRDA:262,21,0,16
BRDA:262,21,1,2
BRDA:266,22,0,18
BRDA:266,22,1,16
BRDA:286,23,0,29
BRDA:286,23,1,0
BRDA:301,24,0,29
BRDA:301,24,1,0
BRDA:325,25,0,29
BRDA:325,25,1,12
BRDA:325,25,2,0
BRDA:330,26,0,29
BRDA:333,27,0,29
BRDA:333,27,1,0
BRDA:338,28,0,29
BRDA:338,28,1,0
BRDA:360,29,0,1
BRDA:360,29,1,28
BRF:59
BRH:47
end_of_record
TN:
SF:src\pages\membership\cancel\index.tsx
FN:6,CancelPage
FN:15,(anonymous_2)
FNF:2
FNH:2
FNDA:6,CancelPage
FNDA:6,(anonymous_2)
DA:3,1
DA:4,1
DA:6,6
DA:7,6
DA:8,6
DA:12,6
DA:13,6
DA:14,6
DA:15,6
LF:9
LH:9
BRDA:8,0,0,3
BRDA:8,1,0,5
BRDA:8,2,0,6
BRDA:8,2,1,0
BRDA:12,3,0,0
BRDA:12,3,1,6
BRDA:13,4,0,0
BRDA:13,4,1,6
BRDA:15,5,0,3
BRDA:15,5,1,3
BRDA:27,6,0,6
BRDA:32,7,0,6
BRF:12
BRH:9
end_of_record
TN:
SF:src\pages\membership\success\index.tsx
FN:23,SuccessPage
FN:38,(anonymous_2)
FN:45,(anonymous_3)
FN:50,(anonymous_4)
FN:54,(anonymous_5)
FN:64,(anonymous_6)
FN:70,(anonymous_7)
FN:78,(anonymous_8)
FN:86,(anonymous_9)
FNF:9
FNH:7
FNDA:16,SuccessPage
FNDA:7,(anonymous_2)
FNDA:7,(anonymous_3)
FNDA:5,(anonymous_4)
FNDA:0,(anonymous_5)
FNDA:5,(anonymous_6)
FNDA:16,(anonymous_7)
FNDA:1,(anonymous_8)
FNDA:0,(anonymous_9)
DA:3,1
DA:4,1
DA:23,7
DA:24,16
DA:25,16
DA:28,16
DA:29,16
DA:31,16
DA:38,16
DA:39,7
DA:40,5
DA:45,16
DA:46,7
DA:47,5
DA:49,5
DA:50,5
DA:51,5
DA:52,5
DA:53,5
DA:54,5
DA:55,5
DA:56,4
DA:57,4
DA:59,1
DA:60,1
DA:64,5
DA:65,5
DA:70,16
DA:71,16
DA:72,3
DA:73,3
DA:78,16
DA:79,1
DA:80,1
DA:81,1
DA:82,1
DA:86,1
DA:87,1
DA:88,0
DA:90,1
DA:91,1
DA:92,1
DA:95,1
LF:43
LH:42
BRDA:25,0,0,2
BRDA:25,1,0,16
BRDA:25,1,1,0
BRDA:28,2,0,0
BRDA:28,2,1,16
BRDA:29,3,0,16
BRDA:29,3,1,16
BRDA:39,4,0,2
BRDA:40,5,0,0
BRDA:40,5,1,5
BRDA:46,6,0,2
BRDA:47,7,0,0
BRDA:55,8,0,1
BRDA:55,9,0,1
BRDA:55,9,1,0
BRDA:56,10,0,0
BRDA:59,11,0,0
BRDA:60,12,0,1
BRDA:60,12,1,0
BRDA:71,13,0,3
BRDA:71,14,0,16
BRDA:71,14,1,3
BRDA:80,15,0,1
BRDA:80,15,1,0
BRDA:81,16,0,0
BRDA:87,17,0,0
BRDA:87,18,0,1
BRDA:87,18,1,1
BRDA:88,19,0,0
BRDA:88,19,1,0
BRDA:91,20,0,1
BRDA:110,21,0,14
BRDA:120,22,0,16
BRDA:123,23,0,16
BRDA:126,24,0,16
BRDA:135,25,0,16
BRDA:141,26,0,3
BRDA:141,26,1,0
BRDA:143,27,0,3
BRDA:153,28,0,3
BRDA:161,29,0,3
BRDA:199,30,0,16
BRDA:199,30,1,13
BRF:43
BRH:29
end_of_record
TN:
SF:src\pages\trainer\[slug].tsx
FN:45,(anonymous_2)
FN:61,(anonymous_3)
FN:62,(anonymous_4)
FN:70,(anonymous_5)
FN:85,(anonymous_6)
FN:90,TrainerDetailPage
FN:106,(anonymous_8)
FN:116,(anonymous_9)
FN:119,(anonymous_10)
FN:136,(anonymous_11)
FN:156,(anonymous_12)
FN:162,(anonymous_13)
FN:216,(anonymous_14)
FN:224,(anonymous_15)
FN:261,(anonymous_16)
FN:267,(anonymous_17)
FN:289,(anonymous_18)
FN:314,(anonymous_19)
FN:328,(anonymous_20)
FN:336,(anonymous_21)
FNF:20
FNH:18
FNDA:1,(anonymous_2)
FNDA:43,(anonymous_3)
FNDA:833,(anonymous_4)
FNDA:47,(anonymous_5)
FNDA:47,(anonymous_6)
FNDA:59,TrainerDetailPage
FNDA:17,(anonymous_8)
FNDA:17,(anonymous_9)
FNDA:16,(anonymous_10)
FNDA:3,(anonymous_11)
FNDA:0,(anonymous_12)
FNDA:1,(anonymous_13)
FNDA:1,(anonymous_14)
FNDA:115,(anonymous_15)
FNDA:110,(anonymous_16)
FNDA:0,(anonymous_17)
FNDA:3,(anonymous_18)
FNDA:24,(anonymous_19)
FNDA:1,(anonymous_20)
FNDA:120,(anonymous_21)
DA:3,1
DA:4,1
DA:5,1
DA:6,1
DA:45,1
DA:46,1
DA:52,1
DA:53,1
DA:54,4
DA:55,1
DA:56,1
DA:58,0
DA:61,1
DA:62,43
DA:63,833
DA:64,833
DA:66,43
DA:67,43
DA:70,1
DA:71,47
DA:72,4
DA:73,3
DA:74,3
DA:75,2
DA:76,1
DA:77,1
DA:79,1
DA:80,1
DA:82,43
DA:85,1
DA:86,47
DA:87,47
DA:90,17
DA:91,59
DA:92,59
DA:93,59
DA:95,59
DA:97,59
DA:98,59
DA:99,59
DA:100,59
DA:101,59
DA:102,59
DA:103,59
DA:104,59
DA:106,59
DA:107,17
DA:108,17
DA:109,16
DA:110,16
DA:111,16
DA:112,16
DA:116,59
DA:117,17
DA:119,16
DA:120,16
DA:121,16
DA:122,16
DA:123,14
DA:124,13
DA:125,13
DA:127,2
DA:129,15
DA:133,16
DA:136,59
DA:137,3
DA:138,3
DA:140,3
DA:141,3
DA:142,3
DA:155,2
DA:156,1
DA:157,1
DA:160,1
DA:162,1
DA:163,1
DA:177,1
DA:184,1
DA:185,1
DA:187,2
DA:194,3
DA:200,41
DA:204,23
DA:217,1
DA:225,115
DA:262,110
DA:263,110
DA:267,0
DA:289,3
DA:316,24
DA:318,24
DA:329,1
DA:337,120
LF:93
LH:91
BRDA:45,0,0,1
BRDA:46,1,0,1
BRDA:47,2,0,1
BRDA:47,2,1,1
BRDA:47,2,2,1
BRDA:47,2,3,1
BRDA:71,3,0,4
BRDA:72,4,0,3
BRDA:74,5,0,1
BRDA:75,6,0,1
BRDA:76,7,0,0
BRDA:76,8,0,0
BRDA:76,8,1,0
BRDA:80,9,0,1
BRDA:86,10,0,47
BRDA:86,10,1,0
BRDA:93,11,0,0
BRDA:93,11,1,59
BRDA:95,12,0,59
BRDA:95,12,1,59
BRDA:108,13,0,1
BRDA:110,14,0,16
BRDA:110,15,0,16
BRDA:110,15,1,16
BRDA:110,15,2,16
BRDA:117,16,0,1
BRDA:123,17,0,1
BRDA:127,18,0,2
BRDA:127,18,1,0
BRDA:138,19,0,0
BRDA:155,20,0,1
BRDA:157,21,0,1
BRDA:157,21,1,0
BRDA:163,22,0,1
BRDA:163,22,1,0
BRDA:169,23,0,1
BRDA:169,23,1,0
BRDA:170,24,0,1
BRDA:170,24,1,0
BRDA:190,25,0,2
BRDA:190,25,1,0
BRDA:200,26,0,18
BRDA:204,27,0,23
BRDA:204,27,1,23
BRDA:204,27,2,0
BRDA:229,28,0,115
BRDA:229,28,1,0
BRDA:229,29,0,115
BRDA:229,29,1,115
BRDA:241,30,0,23
BRDA:241,30,1,0
BRDA:249,31,0,1
BRDA:274,32,0,110
BRDA:274,32,1,0
BRDA:301,33,0,4
BRDA:301,33,1,18
BRDA:311,34,0,1
BRDA:316,35,0,24
BRDA:316,35,1,24
BRDA:316,35,2,0
BRDA:341,36,0,120
BRDA:341,36,1,0
BRDA:341,37,0,120
BRDA:341,37,1,120
BRDA:341,38,0,120
BRDA:341,38,1,0
BRDA:349,39,0,24
BRF:67
BRH:48
end_of_record
TN:
SF:src\pages\trainer\index.tsx
FN:18,Trainer
FN:25,(anonymous_6)
FN:31,(anonymous_7)
FN:32,(anonymous_8)
FN:42,(anonymous_9)
FN:58,(anonymous_10)
FN:60,(anonymous_11)
FN:67,(anonymous_12)
FN:71,(anonymous_13)
FN:78,(anonymous_14)
FN:84,(anonymous_15)
FN:100,(anonymous_16)
FN:142,(anonymous_17)
FN:267,(anonymous_18)
FNF:14
FNH:12
FNDA:59,Trainer
FNDA:28,(anonymous_6)
FNDA:18,(anonymous_7)
FNDA:18,(anonymous_8)
FNDA:28,(anonymous_9)
FNDA:2,(anonymous_10)
FNDA:4,(anonymous_11)
FNDA:5,(anonymous_12)
FNDA:0,(anonymous_13)
FNDA:0,(anonymous_14)
FNDA:5,(anonymous_15)
FNDA:2,(anonymous_16)
FNDA:1,(anonymous_17)
FNDA:39,(anonymous_18)
DA:1,1
DA:2,1
DA:3,1
DA:4,1
DA:18,18
DA:19,59
DA:20,59
DA:21,59
DA:22,59
DA:23,59
DA:25,59
DA:26,28
DA:27,1
DA:28,1
DA:31,59
DA:32,18
DA:33,18
DA:34,18
DA:35,18
DA:36,18
DA:37,18
DA:38,16
DA:39,1
DA:41,15
DA:42,28
DA:47,15
DA:48,15
DA:50,2
DA:52,17
DA:55,18
DA:58,59
DA:59,2
DA:60,2
DA:61,4
DA:64,2
DA:67,59
DA:68,5
DA:70,5
DA:71,0
DA:72,0
DA:77,5
DA:78,0
DA:79,0
DA:84,5
DA:85,5
DA:87,2
DA:89,1
DA:91,1
DA:93,1
DA:97,5
DA:100,59
DA:101,2
DA:103,2
DA:110,1
DA:111,1
DA:142,1
DA:268,39
LF:57
LH:53
BRDA:26,0,0,27
BRDA:28,1,0,1
BRDA:28,1,1,0
BRDA:36,2,0,18
BRDA:36,2,1,18
BRDA:38,3,0,1
BRDA:50,4,0,2
BRDA:50,4,1,0
BRDA:61,5,0,4
BRDA:61,5,1,1
BRDA:70,6,0,0
BRDA:72,7,0,0
BRDA:72,7,1,0
BRDA:77,8,0,0
BRDA:79,9,0,0
BRDA:79,9,1,0
BRDA:85,10,0,2
BRDA:85,10,1,1
BRDA:85,10,2,1
BRDA:85,10,3,1
BRDA:87,11,0,2
BRDA:87,11,1,0
BRDA:87,12,0,2
BRDA:87,12,1,0
BRDA:242,13,0,59
BRDA:249,14,0,59
BRDA:257,15,0,59
BRDA:257,15,1,41
BRDA:257,15,2,39
BRDA:260,16,0,0
BRDA:260,16,1,18
BRDA:265,17,0,59
BRDA:265,17,1,41
BRDA:265,17,2,39
BRF:34
BRH:23
end_of_record
TN:
SF:src\utils\auth.ts
FN:22,parseJwt
FN:29,(anonymous_13)
FN:40,isTokenValid
FN:48,getCurrentUser
FN:67,clearAuth
FN:73,setAuth
FN:79,isAuthenticated
FN:85,hasRole
FN:91,isAdmin
FN:96,(anonymous_21)
FN:107,(anonymous_22)
FN:129,logout
FN:152,login
FN:180,register
FNF:14
FNH:12
FNDA:19,parseJwt
FNDA:1045,(anonymous_13)
FNDA:12,isTokenValid
FNDA:9,getCurrentUser
FNDA:8,clearAuth
FNDA:5,setAuth
FNDA:3,isAuthenticated
FNDA:5,hasRole
FNDA:2,isAdmin
FNDA:0,(anonymous_21)
FNDA:0,(anonymous_22)
FNDA:3,logout
FNDA:3,login
FNDA:3,register
DA:22,2
DA:23,19
DA:24,19
DA:25,19
DA:26,19
DA:29,1045
DA:32,16
DA:34,3
DA:35,3
DA:40,3
DA:41,12
DA:42,12
DA:44,9
DA:48,4
DA:49,9
DA:50,9
DA:52,4
DA:53,4
DA:56,5
DA:57,5
DA:59,5
DA:67,1
DA:68,8
DA:69,8
DA:73,5
DA:74,5
DA:75,5
DA:79,3
DA:80,3
DA:81,3
DA:85,3
DA:86,5
DA:87,5
DA:91,2
DA:92,2
DA:96,1
DA:98,0
DA:99,0
DA:100,0
DA:103,0
DA:107,1
DA:108,0
DA:109,0
DA:111,0
DA:119,0
DA:121,0
DA:122,0
DA:125,0
DA:129,3
DA:130,3
DA:132,3
DA:133,3
DA:144,1
DA:147,3
DA:152,3
DA:154,3
DA:155,0
DA:159,3
DA:170,3
DA:172,3
DA:173,2
DA:176,1
DA:180,3
DA:182,3
DA:183,0
DA:187,3
DA:198,3
DA:200,3
DA:201,2
DA:204,1
LF:70
LH:57
BRDA:42,0,0,3
BRDA:42,1,0,12
BRDA:42,1,1,10
BRDA:50,2,0,4
BRDA:50,3,0,9
BRDA:50,3,1,7
BRDA:57,4,0,0
BRDA:60,5,0,5
BRDA:60,5,1,0
BRDA:61,6,0,5
BRDA:61,6,1,0
BRDA:62,7,0,5
BRDA:62,7,1,0
BRDA:81,8,0,2
BRDA:81,8,1,1
BRDA:98,9,0,0
BRDA:98,10,0,0
BRDA:98,10,1,0
BRDA:99,11,0,0
BRDA:99,11,1,0
BRDA:100,12,0,0
BRDA:100,12,1,0
BRDA:108,13,0,0
BRDA:108,13,1,0
BRDA:109,14,0,0
BRDA:109,14,1,0
BRDA:121,15,0,0
BRDA:122,16,0,0
BRDA:122,16,1,0
BRDA:132,17,0,3
BRDA:154,18,0,0
BRDA:172,19,0,2
BRDA:173,20,0,2
BRDA:173,20,1,1
BRDA:182,21,0,0
BRDA:200,22,0,2
BRDA:201,23,0,2
BRDA:201,23,1,1
BRF:38
BRH:18
end_of_record
